<?xml version="1.0" encoding="UTF-8"?>
<!-- Generated by org.testng.reporters.JUnitXMLReporter -->
<testsuite hostname="master" ignored="0" name="Surefire test" tests="2" failures="0" timestamp="27 Aug 2019 14:20:53 GMT" time="4.198" errors="0">
  <testcase name="googleCheeseExample" time="2.919" classname="com.lazerycode.selenium.tests.GoogleExampleIT"/>
  <testcase name="googleMilkExample" time="1.198" classname="com.lazerycode.selenium.tests.GoogleExampleIT"/>
</testsuite> <!-- Surefire test -->
