<?xml version="1.0" encoding="UTF-8"?>
<testsuite xmlns:xsi="http://www.w3.org/2001/XMLSchema-instance" xsi:noNamespaceSchemaLocation="https://maven.apache.org/surefire/maven-failsafe-plugin/xsd/failsafe-test-report.xsd" name="com.lazerycode.selenium.tests.GoogleExampleIT" time="4.783" tests="2" errors="0" skipped="0" failures="0">
  <properties>
[...]
</properties>
  <testcase name="googleCheeseExample" classname="com.lazerycode.selenium.tests.GoogleExampleIT" time="2.92"/>
  <testcase name="googleMilkExample" classname="com.lazerycode.selenium.tests.GoogleExampleIT" time="1.197"/>
</testsuite>